<?xml version="1.0" encoding="UTF-8"?>
<testng-results skipped="0" failed="0" ignored="0" total="1" passed="1">
  <reporter-output>
  </reporter-output>
  <suite name="Default suite" duration-ms="7254" started-at="2020-05-21T17:35:58Z" finished-at="2020-05-21T17:36:05Z">
    <groups>
    </groups>
    <test name="Default test" duration-ms="7254" started-at="2020-05-21T17:35:58Z" finished-at="2020-05-21T17:36:05Z">
      <class name="APIautomation.APIautomation.App">
        <test-method status="PASS" signature="getData()[pri:0, instance:APIautomation.APIautomation.App@7f9a81e8]" name="getData" is-config="true" duration-ms="47" started-at="2020-05-21T23:05:58Z" finished-at="2020-05-21T23:05:58Z">
          <reporter-output>
          </reporter-output>
        </test-method> <!-- getData -->
        <test-method status="PASS" signature="testrun()[pri:0, instance:APIautomation.APIautomation.App@7f9a81e8]" name="testrun" duration-ms="7178" started-at="2020-05-21T23:05:58Z" finished-at="2020-05-21T23:06:05Z">
          <reporter-output>
          </reporter-output>
        </test-method> <!-- testrun -->
      </class> <!-- APIautomation.APIautomation.App -->
    </test> <!-- Default test -->
  </suite> <!-- Default suite -->
</testng-results>
